<?xml version="1.0" encoding="UTF-8"?>
<!-- Generated by org.testng.reporters.JUnitReportReporter -->
<testsuite hostname="LMC-LT-077" failures="0" tests="1" name="com.vGive.testcases.CreateNewFundraiserTest" time="29.469" errors="0" timestamp="2022-09-25T11:13:02 IST" skipped="0">
  <testcase classname="com.vGive.testcases.CreateNewFundraiserTest" name="CreateNewFundraiser" time="29.469"/>
  <system-out/>
</testsuite> <!-- com.vGive.testcases.CreateNewFundraiserTest -->
